2025-07-23 15:01:45,622 - INFO - [PID:21536] 开始处理品种: C
2025-07-23 15:01:45,622 - INFO - [PID:21536] 开始处理 C 的 1d K线
2025-07-23 15:01:45,622 - INFO - [PID:21536] 读取数据: C:\Users\JAD\Desktop\jad\factor_cal\../data/1d/C/C.csv
2025-07-23 15:01:45,635 - INFO - [PID:21536] 将在 C/1d 上计算 12 个因子
2025-07-23 15:01:45,637 - INFO - [PID:21536] 计算中: C FCT_Pubu_Atr_Dfive@20 1d
2025-07-23 15:01:45,643 - ERROR - [PID:21536] 计算失败: C:\Users\JAD\Desktop\jad\factor_cal\../data/1d/C/FCT_Pubu_Atr_Dfive@20.csv, 错误: FCT_Pubu_1 file not found: C:\Users\JAD\Desktop\jad\factor_cal\../data/1d/C/FCT_Pubu_1.csv
Traceback (most recent call last):
  File "C:\Users\JAD\Desktop\jad\factor_cal\factor_cal.py", line 236, in calculate_factor_for_kline
    result = calculator_instance.formula(param)
  File "C:\Users\JAD\Desktop\jad\factor_cal\FCT_Pubu_Atr_Dfive.py", line 63, in formula
    raise FileNotFoundError(f"FCT_Pubu_1 file not found: {pubu_data_path}")
FileNotFoundError: FCT_Pubu_1 file not found: C:\Users\JAD\Desktop\jad\factor_cal\../data/1d/C/FCT_Pubu_1.csv
2025-07-23 15:01:45,645 - INFO - [PID:21536] 计算中: C FCT_Pubu_Atr_Dfive@40 1d
2025-07-23 15:01:45,649 - ERROR - [PID:21536] 计算失败: C:\Users\JAD\Desktop\jad\factor_cal\../data/1d/C/FCT_Pubu_Atr_Dfive@40.csv, 错误: FCT_Pubu_1 file not found: C:\Users\JAD\Desktop\jad\factor_cal\../data/1d/C/FCT_Pubu_1.csv
Traceback (most recent call last):
  File "C:\Users\JAD\Desktop\jad\factor_cal\factor_cal.py", line 236, in calculate_factor_for_kline
    result = calculator_instance.formula(param)
  File "C:\Users\JAD\Desktop\jad\factor_cal\FCT_Pubu_Atr_Dfive.py", line 63, in formula
    raise FileNotFoundError(f"FCT_Pubu_1 file not found: {pubu_data_path}")
FileNotFoundError: FCT_Pubu_1 file not found: C:\Users\JAD\Desktop\jad\factor_cal\../data/1d/C/FCT_Pubu_1.csv
2025-07-23 15:01:45,649 - INFO - [PID:21536] 计算中: C FCT_Pubu_Atr_Dfive@80 1d
2025-07-23 15:01:45,653 - ERROR - [PID:21536] 计算失败: C:\Users\JAD\Desktop\jad\factor_cal\../data/1d/C/FCT_Pubu_Atr_Dfive@80.csv, 错误: FCT_Pubu_1 file not found: C:\Users\JAD\Desktop\jad\factor_cal\../data/1d/C/FCT_Pubu_1.csv
Traceback (most recent call last):
  File "C:\Users\JAD\Desktop\jad\factor_cal\factor_cal.py", line 236, in calculate_factor_for_kline
    result = calculator_instance.formula(param)
  File "C:\Users\JAD\Desktop\jad\factor_cal\FCT_Pubu_Atr_Dfive.py", line 63, in formula
    raise FileNotFoundError(f"FCT_Pubu_1 file not found: {pubu_data_path}")
FileNotFoundError: FCT_Pubu_1 file not found: C:\Users\JAD\Desktop\jad\factor_cal\../data/1d/C/FCT_Pubu_1.csv
2025-07-23 15:01:45,653 - INFO - [PID:21536] 进度: 10/12 (83.3%), 成功: 7, 失败: 3
2025-07-23 15:01:50,295 - INFO - [PID:21536] 计算中: C FCT_Pubu_1 1d
2025-07-23 15:01:50,333 - INFO - [PID:21536] 计算成功: C:\Users\JAD\Desktop\jad\factor_cal\../data/1d/C/FCT_Pubu_1.csv
2025-07-23 15:01:50,333 - INFO - [PID:21536] 进度: 12/12 (100.0%), 成功: 9, 失败: 3
2025-07-23 15:01:50,333 - INFO - [PID:21536] C/1d 完成: 总计 12, 成功 9, 失败 3
2025-07-23 15:01:50,335 - INFO - [PID:21536] 品种 C 处理完成: 总计因子 12, 成功 9, 失败 3
2025-07-23 15:01:50,335 - INFO - [PID:21536] 开始处理品种: IH
2025-07-23 15:01:50,335 - INFO - [PID:21536] 开始处理 IH 的 1d K线
2025-07-23 15:01:50,335 - INFO - [PID:21536] 读取数据: C:\Users\JAD\Desktop\jad\factor_cal\../data/1d/IH/IH.csv
2025-07-23 15:01:50,343 - INFO - [PID:21536] 将在 IH/1d 上计算 12 个因子
2025-07-23 15:01:50,343 - INFO - [PID:21536] 计算中: IH FCT_Pubu_Atr_Dfive@20 1d
2025-07-23 15:01:50,347 - ERROR - [PID:21536] 计算失败: C:\Users\JAD\Desktop\jad\factor_cal\../data/1d/IH/FCT_Pubu_Atr_Dfive@20.csv, 错误: FCT_Pubu_1 file not found: C:\Users\JAD\Desktop\jad\factor_cal\../data/1d/IH/FCT_Pubu_1.csv
Traceback (most recent call last):
  File "C:\Users\JAD\Desktop\jad\factor_cal\factor_cal.py", line 236, in calculate_factor_for_kline
    result = calculator_instance.formula(param)
  File "C:\Users\JAD\Desktop\jad\factor_cal\FCT_Pubu_Atr_Dfive.py", line 63, in formula
    raise FileNotFoundError(f"FCT_Pubu_1 file not found: {pubu_data_path}")
FileNotFoundError: FCT_Pubu_1 file not found: C:\Users\JAD\Desktop\jad\factor_cal\../data/1d/IH/FCT_Pubu_1.csv
2025-07-23 15:01:50,347 - INFO - [PID:21536] 计算中: IH FCT_Pubu_Atr_Dfive@40 1d
2025-07-23 15:01:50,350 - ERROR - [PID:21536] 计算失败: C:\Users\JAD\Desktop\jad\factor_cal\../data/1d/IH/FCT_Pubu_Atr_Dfive@40.csv, 错误: FCT_Pubu_1 file not found: C:\Users\JAD\Desktop\jad\factor_cal\../data/1d/IH/FCT_Pubu_1.csv
Traceback (most recent call last):
  File "C:\Users\JAD\Desktop\jad\factor_cal\factor_cal.py", line 236, in calculate_factor_for_kline
    result = calculator_instance.formula(param)
  File "C:\Users\JAD\Desktop\jad\factor_cal\FCT_Pubu_Atr_Dfive.py", line 63, in formula
    raise FileNotFoundError(f"FCT_Pubu_1 file not found: {pubu_data_path}")
FileNotFoundError: FCT_Pubu_1 file not found: C:\Users\JAD\Desktop\jad\factor_cal\../data/1d/IH/FCT_Pubu_1.csv
2025-07-23 15:01:50,351 - INFO - [PID:21536] 计算中: IH FCT_Pubu_Atr_Dfive@80 1d
2025-07-23 15:01:50,353 - ERROR - [PID:21536] 计算失败: C:\Users\JAD\Desktop\jad\factor_cal\../data/1d/IH/FCT_Pubu_Atr_Dfive@80.csv, 错误: FCT_Pubu_1 file not found: C:\Users\JAD\Desktop\jad\factor_cal\../data/1d/IH/FCT_Pubu_1.csv
Traceback (most recent call last):
  File "C:\Users\JAD\Desktop\jad\factor_cal\factor_cal.py", line 236, in calculate_factor_for_kline
    result = calculator_instance.formula(param)
  File "C:\Users\JAD\Desktop\jad\factor_cal\FCT_Pubu_Atr_Dfive.py", line 63, in formula
    raise FileNotFoundError(f"FCT_Pubu_1 file not found: {pubu_data_path}")
FileNotFoundError: FCT_Pubu_1 file not found: C:\Users\JAD\Desktop\jad\factor_cal\../data/1d/IH/FCT_Pubu_1.csv
2025-07-23 15:01:50,354 - INFO - [PID:21536] 进度: 10/12 (83.3%), 成功: 7, 失败: 3
2025-07-23 15:01:50,354 - INFO - [PID:21536] 计算中: IH FCT_Pubu_1 1d
2025-07-23 15:01:50,379 - INFO - [PID:21536] 计算成功: C:\Users\JAD\Desktop\jad\factor_cal\../data/1d/IH/FCT_Pubu_1.csv
2025-07-23 15:01:50,379 - INFO - [PID:21536] 进度: 12/12 (100.0%), 成功: 9, 失败: 3
2025-07-23 15:01:50,379 - INFO - [PID:21536] IH/1d 完成: 总计 12, 成功 9, 失败 3
2025-07-23 15:01:50,379 - INFO - [PID:21536] 品种 IH 处理完成: 总计因子 12, 成功 9, 失败 3
2025-07-23 15:01:50,379 - INFO - [PID:21536] 开始处理品种: MA
2025-07-23 15:01:50,379 - INFO - [PID:21536] 开始处理 MA 的 1d K线
2025-07-23 15:01:50,379 - INFO - [PID:21536] 读取数据: C:\Users\JAD\Desktop\jad\factor_cal\../data/1d/MA/MA.csv
2025-07-23 15:01:50,387 - INFO - [PID:21536] 将在 MA/1d 上计算 12 个因子
2025-07-23 15:01:50,387 - INFO - [PID:21536] 计算中: MA FCT_Pubu_Atr_Dfive@20 1d
2025-07-23 15:01:50,391 - ERROR - [PID:21536] 计算失败: C:\Users\JAD\Desktop\jad\factor_cal\../data/1d/MA/FCT_Pubu_Atr_Dfive@20.csv, 错误: FCT_Pubu_1 file not found: C:\Users\JAD\Desktop\jad\factor_cal\../data/1d/MA/FCT_Pubu_1.csv
Traceback (most recent call last):
  File "C:\Users\JAD\Desktop\jad\factor_cal\factor_cal.py", line 236, in calculate_factor_for_kline
    result = calculator_instance.formula(param)
  File "C:\Users\JAD\Desktop\jad\factor_cal\FCT_Pubu_Atr_Dfive.py", line 63, in formula
    raise FileNotFoundError(f"FCT_Pubu_1 file not found: {pubu_data_path}")
FileNotFoundError: FCT_Pubu_1 file not found: C:\Users\JAD\Desktop\jad\factor_cal\../data/1d/MA/FCT_Pubu_1.csv
2025-07-23 15:01:50,392 - INFO - [PID:21536] 计算中: MA FCT_Pubu_Atr_Dfive@40 1d
2025-07-23 15:01:50,395 - ERROR - [PID:21536] 计算失败: C:\Users\JAD\Desktop\jad\factor_cal\../data/1d/MA/FCT_Pubu_Atr_Dfive@40.csv, 错误: FCT_Pubu_1 file not found: C:\Users\JAD\Desktop\jad\factor_cal\../data/1d/MA/FCT_Pubu_1.csv
Traceback (most recent call last):
  File "C:\Users\JAD\Desktop\jad\factor_cal\factor_cal.py", line 236, in calculate_factor_for_kline
    result = calculator_instance.formula(param)
  File "C:\Users\JAD\Desktop\jad\factor_cal\FCT_Pubu_Atr_Dfive.py", line 63, in formula
    raise FileNotFoundError(f"FCT_Pubu_1 file not found: {pubu_data_path}")
FileNotFoundError: FCT_Pubu_1 file not found: C:\Users\JAD\Desktop\jad\factor_cal\../data/1d/MA/FCT_Pubu_1.csv
2025-07-23 15:01:50,396 - INFO - [PID:21536] 计算中: MA FCT_Pubu_Atr_Dfive@80 1d
2025-07-23 15:01:50,399 - ERROR - [PID:21536] 计算失败: C:\Users\JAD\Desktop\jad\factor_cal\../data/1d/MA/FCT_Pubu_Atr_Dfive@80.csv, 错误: FCT_Pubu_1 file not found: C:\Users\JAD\Desktop\jad\factor_cal\../data/1d/MA/FCT_Pubu_1.csv
Traceback (most recent call last):
  File "C:\Users\JAD\Desktop\jad\factor_cal\factor_cal.py", line 236, in calculate_factor_for_kline
    result = calculator_instance.formula(param)
  File "C:\Users\JAD\Desktop\jad\factor_cal\FCT_Pubu_Atr_Dfive.py", line 63, in formula
    raise FileNotFoundError(f"FCT_Pubu_1 file not found: {pubu_data_path}")
FileNotFoundError: FCT_Pubu_1 file not found: C:\Users\JAD\Desktop\jad\factor_cal\../data/1d/MA/FCT_Pubu_1.csv
2025-07-23 15:01:50,399 - INFO - [PID:21536] 进度: 10/12 (83.3%), 成功: 7, 失败: 3
2025-07-23 15:01:50,399 - INFO - [PID:21536] 计算中: MA FCT_Pubu_1 1d
2025-07-23 15:01:50,423 - INFO - [PID:21536] 计算成功: C:\Users\JAD\Desktop\jad\factor_cal\../data/1d/MA/FCT_Pubu_1.csv
2025-07-23 15:01:50,424 - INFO - [PID:21536] 进度: 12/12 (100.0%), 成功: 9, 失败: 3
2025-07-23 15:01:50,424 - INFO - [PID:21536] MA/1d 完成: 总计 12, 成功 9, 失败 3
2025-07-23 15:01:50,424 - INFO - [PID:21536] 品种 MA 处理完成: 总计因子 12, 成功 9, 失败 3
2025-07-23 15:01:50,424 - INFO - [PID:21536] 开始处理品种: SA
2025-07-23 15:01:50,424 - INFO - [PID:21536] 开始处理 SA 的 1d K线
2025-07-23 15:01:50,429 - INFO - [PID:21536] 读取数据: C:\Users\JAD\Desktop\jad\factor_cal\../data/1d/SA/SA.csv
2025-07-23 15:01:50,434 - INFO - [PID:21536] 将在 SA/1d 上计算 12 个因子
2025-07-23 15:01:50,434 - INFO - [PID:21536] 计算中: SA FCT_Pubu_Atr_Dfive@20 1d
2025-07-23 15:01:50,437 - ERROR - [PID:21536] 计算失败: C:\Users\JAD\Desktop\jad\factor_cal\../data/1d/SA/FCT_Pubu_Atr_Dfive@20.csv, 错误: FCT_Pubu_1 file not found: C:\Users\JAD\Desktop\jad\factor_cal\../data/1d/SA/FCT_Pubu_1.csv
Traceback (most recent call last):
  File "C:\Users\JAD\Desktop\jad\factor_cal\factor_cal.py", line 236, in calculate_factor_for_kline
    result = calculator_instance.formula(param)
  File "C:\Users\JAD\Desktop\jad\factor_cal\FCT_Pubu_Atr_Dfive.py", line 63, in formula
    raise FileNotFoundError(f"FCT_Pubu_1 file not found: {pubu_data_path}")
FileNotFoundError: FCT_Pubu_1 file not found: C:\Users\JAD\Desktop\jad\factor_cal\../data/1d/SA/FCT_Pubu_1.csv
2025-07-23 15:01:50,439 - INFO - [PID:21536] 计算中: SA FCT_Pubu_Atr_Dfive@40 1d
2025-07-23 15:01:50,441 - ERROR - [PID:21536] 计算失败: C:\Users\JAD\Desktop\jad\factor_cal\../data/1d/SA/FCT_Pubu_Atr_Dfive@40.csv, 错误: FCT_Pubu_1 file not found: C:\Users\JAD\Desktop\jad\factor_cal\../data/1d/SA/FCT_Pubu_1.csv
Traceback (most recent call last):
  File "C:\Users\JAD\Desktop\jad\factor_cal\factor_cal.py", line 236, in calculate_factor_for_kline
    result = calculator_instance.formula(param)
  File "C:\Users\JAD\Desktop\jad\factor_cal\FCT_Pubu_Atr_Dfive.py", line 63, in formula
    raise FileNotFoundError(f"FCT_Pubu_1 file not found: {pubu_data_path}")
FileNotFoundError: FCT_Pubu_1 file not found: C:\Users\JAD\Desktop\jad\factor_cal\../data/1d/SA/FCT_Pubu_1.csv
2025-07-23 15:01:50,441 - INFO - [PID:21536] 计算中: SA FCT_Pubu_Atr_Dfive@80 1d
2025-07-23 15:01:50,443 - ERROR - [PID:21536] 计算失败: C:\Users\JAD\Desktop\jad\factor_cal\../data/1d/SA/FCT_Pubu_Atr_Dfive@80.csv, 错误: FCT_Pubu_1 file not found: C:\Users\JAD\Desktop\jad\factor_cal\../data/1d/SA/FCT_Pubu_1.csv
Traceback (most recent call last):
  File "C:\Users\JAD\Desktop\jad\factor_cal\factor_cal.py", line 236, in calculate_factor_for_kline
    result = calculator_instance.formula(param)
  File "C:\Users\JAD\Desktop\jad\factor_cal\FCT_Pubu_Atr_Dfive.py", line 63, in formula
    raise FileNotFoundError(f"FCT_Pubu_1 file not found: {pubu_data_path}")
FileNotFoundError: FCT_Pubu_1 file not found: C:\Users\JAD\Desktop\jad\factor_cal\../data/1d/SA/FCT_Pubu_1.csv
2025-07-23 15:01:50,446 - INFO - [PID:21536] 进度: 10/12 (83.3%), 成功: 7, 失败: 3
2025-07-23 15:01:50,446 - INFO - [PID:21536] 计算中: SA FCT_Pubu_1 1d
2025-07-23 15:01:50,457 - INFO - [PID:21536] 计算成功: C:\Users\JAD\Desktop\jad\factor_cal\../data/1d/SA/FCT_Pubu_1.csv
2025-07-23 15:01:50,457 - INFO - [PID:21536] 进度: 12/12 (100.0%), 成功: 9, 失败: 3
2025-07-23 15:01:50,457 - INFO - [PID:21536] SA/1d 完成: 总计 12, 成功 9, 失败 3
2025-07-23 15:01:50,457 - INFO - [PID:21536] 品种 SA 处理完成: 总计因子 12, 成功 9, 失败 3
2025-07-23 15:01:50,457 - INFO - [PID:21536] 开始处理品种: TA
2025-07-23 15:01:50,461 - INFO - [PID:21536] 开始处理 TA 的 1d K线
2025-07-23 15:01:50,461 - INFO - [PID:21536] 读取数据: C:\Users\JAD\Desktop\jad\factor_cal\../data/1d/TA/TA.csv
2025-07-23 15:01:50,469 - INFO - [PID:21536] 将在 TA/1d 上计算 12 个因子
2025-07-23 15:01:50,469 - INFO - [PID:21536] 计算中: TA FCT_Pubu_Atr_Dfive@20 1d
2025-07-23 15:01:50,473 - ERROR - [PID:21536] 计算失败: C:\Users\JAD\Desktop\jad\factor_cal\../data/1d/TA/FCT_Pubu_Atr_Dfive@20.csv, 错误: FCT_Pubu_1 file not found: C:\Users\JAD\Desktop\jad\factor_cal\../data/1d/TA/FCT_Pubu_1.csv
Traceback (most recent call last):
  File "C:\Users\JAD\Desktop\jad\factor_cal\factor_cal.py", line 236, in calculate_factor_for_kline
    result = calculator_instance.formula(param)
  File "C:\Users\JAD\Desktop\jad\factor_cal\FCT_Pubu_Atr_Dfive.py", line 63, in formula
    raise FileNotFoundError(f"FCT_Pubu_1 file not found: {pubu_data_path}")
FileNotFoundError: FCT_Pubu_1 file not found: C:\Users\JAD\Desktop\jad\factor_cal\../data/1d/TA/FCT_Pubu_1.csv
2025-07-23 15:01:50,474 - INFO - [PID:21536] 计算中: TA FCT_Pubu_Atr_Dfive@40 1d
2025-07-23 15:01:50,477 - ERROR - [PID:21536] 计算失败: C:\Users\JAD\Desktop\jad\factor_cal\../data/1d/TA/FCT_Pubu_Atr_Dfive@40.csv, 错误: FCT_Pubu_1 file not found: C:\Users\JAD\Desktop\jad\factor_cal\../data/1d/TA/FCT_Pubu_1.csv
Traceback (most recent call last):
  File "C:\Users\JAD\Desktop\jad\factor_cal\factor_cal.py", line 236, in calculate_factor_for_kline
    result = calculator_instance.formula(param)
  File "C:\Users\JAD\Desktop\jad\factor_cal\FCT_Pubu_Atr_Dfive.py", line 63, in formula
    raise FileNotFoundError(f"FCT_Pubu_1 file not found: {pubu_data_path}")
FileNotFoundError: FCT_Pubu_1 file not found: C:\Users\JAD\Desktop\jad\factor_cal\../data/1d/TA/FCT_Pubu_1.csv
2025-07-23 15:01:50,478 - INFO - [PID:21536] 计算中: TA FCT_Pubu_Atr_Dfive@80 1d
2025-07-23 15:01:50,481 - ERROR - [PID:21536] 计算失败: C:\Users\JAD\Desktop\jad\factor_cal\../data/1d/TA/FCT_Pubu_Atr_Dfive@80.csv, 错误: FCT_Pubu_1 file not found: C:\Users\JAD\Desktop\jad\factor_cal\../data/1d/TA/FCT_Pubu_1.csv
Traceback (most recent call last):
  File "C:\Users\JAD\Desktop\jad\factor_cal\factor_cal.py", line 236, in calculate_factor_for_kline
    result = calculator_instance.formula(param)
  File "C:\Users\JAD\Desktop\jad\factor_cal\FCT_Pubu_Atr_Dfive.py", line 63, in formula
    raise FileNotFoundError(f"FCT_Pubu_1 file not found: {pubu_data_path}")
FileNotFoundError: FCT_Pubu_1 file not found: C:\Users\JAD\Desktop\jad\factor_cal\../data/1d/TA/FCT_Pubu_1.csv
2025-07-23 15:01:50,485 - INFO - [PID:21536] 进度: 10/12 (83.3%), 成功: 7, 失败: 3
2025-07-23 15:01:50,486 - INFO - [PID:21536] 计算中: TA FCT_Pubu_1 1d
2025-07-23 15:01:50,510 - INFO - [PID:21536] 计算成功: C:\Users\JAD\Desktop\jad\factor_cal\../data/1d/TA/FCT_Pubu_1.csv
2025-07-23 15:01:50,510 - INFO - [PID:21536] 进度: 12/12 (100.0%), 成功: 9, 失败: 3
2025-07-23 15:01:50,510 - INFO - [PID:21536] TA/1d 完成: 总计 12, 成功 9, 失败 3
2025-07-23 15:01:50,510 - INFO - [PID:21536] 品种 TA 处理完成: 总计因子 12, 成功 9, 失败 3
