2025-07-23 15:01:45,611 - INFO - [PID:7012] 开始处理品种: AL
2025-07-23 15:01:45,611 - INFO - [PID:7012] 开始处理 AL 的 1d K线
2025-07-23 15:01:45,611 - INFO - [PID:7012] 读取数据: C:\Users\JAD\Desktop\jad\factor_cal\../data/1d/AL/AL.csv
2025-07-23 15:01:45,623 - INFO - [PID:7012] 将在 AL/1d 上计算 12 个因子
2025-07-23 15:01:45,626 - INFO - [PID:7012] 计算中: AL FCT_Pubu_Atr_Dfive@20 1d
2025-07-23 15:01:45,631 - ERROR - [PID:7012] 计算失败: C:\Users\JAD\Desktop\jad\factor_cal\../data/1d/AL/FCT_Pubu_Atr_Dfive@20.csv, 错误: FCT_Pubu_1 file not found: C:\Users\JAD\Desktop\jad\factor_cal\../data/1d/AL/FCT_Pubu_1.csv
Traceback (most recent call last):
  File "C:\Users\JAD\Desktop\jad\factor_cal\factor_cal.py", line 236, in calculate_factor_for_kline
    result = calculator_instance.formula(param)
  File "C:\Users\JAD\Desktop\jad\factor_cal\FCT_Pubu_Atr_Dfive.py", line 63, in formula
    raise FileNotFoundError(f"FCT_Pubu_1 file not found: {pubu_data_path}")
FileNotFoundError: FCT_Pubu_1 file not found: C:\Users\JAD\Desktop\jad\factor_cal\../data/1d/AL/FCT_Pubu_1.csv
2025-07-23 15:01:45,633 - INFO - [PID:7012] 计算中: AL FCT_Pubu_Atr_Dfive@40 1d
2025-07-23 15:01:45,637 - ERROR - [PID:7012] 计算失败: C:\Users\JAD\Desktop\jad\factor_cal\../data/1d/AL/FCT_Pubu_Atr_Dfive@40.csv, 错误: FCT_Pubu_1 file not found: C:\Users\JAD\Desktop\jad\factor_cal\../data/1d/AL/FCT_Pubu_1.csv
Traceback (most recent call last):
  File "C:\Users\JAD\Desktop\jad\factor_cal\factor_cal.py", line 236, in calculate_factor_for_kline
    result = calculator_instance.formula(param)
  File "C:\Users\JAD\Desktop\jad\factor_cal\FCT_Pubu_Atr_Dfive.py", line 63, in formula
    raise FileNotFoundError(f"FCT_Pubu_1 file not found: {pubu_data_path}")
FileNotFoundError: FCT_Pubu_1 file not found: C:\Users\JAD\Desktop\jad\factor_cal\../data/1d/AL/FCT_Pubu_1.csv
2025-07-23 15:01:45,637 - INFO - [PID:7012] 计算中: AL FCT_Pubu_Atr_Dfive@80 1d
2025-07-23 15:01:45,641 - ERROR - [PID:7012] 计算失败: C:\Users\JAD\Desktop\jad\factor_cal\../data/1d/AL/FCT_Pubu_Atr_Dfive@80.csv, 错误: FCT_Pubu_1 file not found: C:\Users\JAD\Desktop\jad\factor_cal\../data/1d/AL/FCT_Pubu_1.csv
Traceback (most recent call last):
  File "C:\Users\JAD\Desktop\jad\factor_cal\factor_cal.py", line 236, in calculate_factor_for_kline
    result = calculator_instance.formula(param)
  File "C:\Users\JAD\Desktop\jad\factor_cal\FCT_Pubu_Atr_Dfive.py", line 63, in formula
    raise FileNotFoundError(f"FCT_Pubu_1 file not found: {pubu_data_path}")
FileNotFoundError: FCT_Pubu_1 file not found: C:\Users\JAD\Desktop\jad\factor_cal\../data/1d/AL/FCT_Pubu_1.csv
2025-07-23 15:01:45,642 - INFO - [PID:7012] 进度: 10/12 (83.3%), 成功: 7, 失败: 3
2025-07-23 15:01:50,296 - INFO - [PID:7012] 计算中: AL FCT_Pubu_1 1d
2025-07-23 15:01:50,335 - INFO - [PID:7012] 计算成功: C:\Users\JAD\Desktop\jad\factor_cal\../data/1d/AL/FCT_Pubu_1.csv
2025-07-23 15:01:50,335 - INFO - [PID:7012] 进度: 12/12 (100.0%), 成功: 9, 失败: 3
2025-07-23 15:01:50,335 - INFO - [PID:7012] AL/1d 完成: 总计 12, 成功 9, 失败 3
2025-07-23 15:01:50,335 - INFO - [PID:7012] 品种 AL 处理完成: 总计因子 12, 成功 9, 失败 3
2025-07-23 15:01:50,335 - INFO - [PID:7012] 开始处理品种: JD
2025-07-23 15:01:50,335 - INFO - [PID:7012] 开始处理 JD 的 1d K线
2025-07-23 15:01:50,335 - INFO - [PID:7012] 读取数据: C:\Users\JAD\Desktop\jad\factor_cal\../data/1d/JD/JD.csv
2025-07-23 15:01:50,344 - INFO - [PID:7012] 将在 JD/1d 上计算 12 个因子
2025-07-23 15:01:50,345 - INFO - [PID:7012] 计算中: JD FCT_Pubu_Atr_Dfive@20 1d
2025-07-23 15:01:50,348 - ERROR - [PID:7012] 计算失败: C:\Users\JAD\Desktop\jad\factor_cal\../data/1d/JD/FCT_Pubu_Atr_Dfive@20.csv, 错误: FCT_Pubu_1 file not found: C:\Users\JAD\Desktop\jad\factor_cal\../data/1d/JD/FCT_Pubu_1.csv
Traceback (most recent call last):
  File "C:\Users\JAD\Desktop\jad\factor_cal\factor_cal.py", line 236, in calculate_factor_for_kline
    result = calculator_instance.formula(param)
  File "C:\Users\JAD\Desktop\jad\factor_cal\FCT_Pubu_Atr_Dfive.py", line 63, in formula
    raise FileNotFoundError(f"FCT_Pubu_1 file not found: {pubu_data_path}")
FileNotFoundError: FCT_Pubu_1 file not found: C:\Users\JAD\Desktop\jad\factor_cal\../data/1d/JD/FCT_Pubu_1.csv
2025-07-23 15:01:50,349 - INFO - [PID:7012] 计算中: JD FCT_Pubu_Atr_Dfive@40 1d
2025-07-23 15:01:50,352 - ERROR - [PID:7012] 计算失败: C:\Users\JAD\Desktop\jad\factor_cal\../data/1d/JD/FCT_Pubu_Atr_Dfive@40.csv, 错误: FCT_Pubu_1 file not found: C:\Users\JAD\Desktop\jad\factor_cal\../data/1d/JD/FCT_Pubu_1.csv
Traceback (most recent call last):
  File "C:\Users\JAD\Desktop\jad\factor_cal\factor_cal.py", line 236, in calculate_factor_for_kline
    result = calculator_instance.formula(param)
  File "C:\Users\JAD\Desktop\jad\factor_cal\FCT_Pubu_Atr_Dfive.py", line 63, in formula
    raise FileNotFoundError(f"FCT_Pubu_1 file not found: {pubu_data_path}")
FileNotFoundError: FCT_Pubu_1 file not found: C:\Users\JAD\Desktop\jad\factor_cal\../data/1d/JD/FCT_Pubu_1.csv
2025-07-23 15:01:50,353 - INFO - [PID:7012] 计算中: JD FCT_Pubu_Atr_Dfive@80 1d
2025-07-23 15:01:50,356 - ERROR - [PID:7012] 计算失败: C:\Users\JAD\Desktop\jad\factor_cal\../data/1d/JD/FCT_Pubu_Atr_Dfive@80.csv, 错误: FCT_Pubu_1 file not found: C:\Users\JAD\Desktop\jad\factor_cal\../data/1d/JD/FCT_Pubu_1.csv
Traceback (most recent call last):
  File "C:\Users\JAD\Desktop\jad\factor_cal\factor_cal.py", line 236, in calculate_factor_for_kline
    result = calculator_instance.formula(param)
  File "C:\Users\JAD\Desktop\jad\factor_cal\FCT_Pubu_Atr_Dfive.py", line 63, in formula
    raise FileNotFoundError(f"FCT_Pubu_1 file not found: {pubu_data_path}")
FileNotFoundError: FCT_Pubu_1 file not found: C:\Users\JAD\Desktop\jad\factor_cal\../data/1d/JD/FCT_Pubu_1.csv
2025-07-23 15:01:50,356 - INFO - [PID:7012] 进度: 10/12 (83.3%), 成功: 7, 失败: 3
2025-07-23 15:01:50,356 - INFO - [PID:7012] 计算中: JD FCT_Pubu_1 1d
2025-07-23 15:01:50,382 - INFO - [PID:7012] 计算成功: C:\Users\JAD\Desktop\jad\factor_cal\../data/1d/JD/FCT_Pubu_1.csv
2025-07-23 15:01:50,382 - INFO - [PID:7012] 进度: 12/12 (100.0%), 成功: 9, 失败: 3
2025-07-23 15:01:50,383 - INFO - [PID:7012] JD/1d 完成: 总计 12, 成功 9, 失败 3
2025-07-23 15:01:50,383 - INFO - [PID:7012] 品种 JD 处理完成: 总计因子 12, 成功 9, 失败 3
2025-07-23 15:01:50,383 - INFO - [PID:7012] 开始处理品种: OI
2025-07-23 15:01:50,383 - INFO - [PID:7012] 开始处理 OI 的 1d K线
2025-07-23 15:01:50,383 - INFO - [PID:7012] 读取数据: C:\Users\JAD\Desktop\jad\factor_cal\../data/1d/OI/OI.csv
2025-07-23 15:01:50,392 - INFO - [PID:7012] 将在 OI/1d 上计算 12 个因子
2025-07-23 15:01:50,393 - INFO - [PID:7012] 计算中: OI FCT_Pubu_Atr_Dfive@20 1d
2025-07-23 15:01:50,396 - ERROR - [PID:7012] 计算失败: C:\Users\JAD\Desktop\jad\factor_cal\../data/1d/OI/FCT_Pubu_Atr_Dfive@20.csv, 错误: FCT_Pubu_1 file not found: C:\Users\JAD\Desktop\jad\factor_cal\../data/1d/OI/FCT_Pubu_1.csv
Traceback (most recent call last):
  File "C:\Users\JAD\Desktop\jad\factor_cal\factor_cal.py", line 236, in calculate_factor_for_kline
    result = calculator_instance.formula(param)
  File "C:\Users\JAD\Desktop\jad\factor_cal\FCT_Pubu_Atr_Dfive.py", line 63, in formula
    raise FileNotFoundError(f"FCT_Pubu_1 file not found: {pubu_data_path}")
FileNotFoundError: FCT_Pubu_1 file not found: C:\Users\JAD\Desktop\jad\factor_cal\../data/1d/OI/FCT_Pubu_1.csv
2025-07-23 15:01:50,397 - INFO - [PID:7012] 计算中: OI FCT_Pubu_Atr_Dfive@40 1d
2025-07-23 15:01:50,400 - ERROR - [PID:7012] 计算失败: C:\Users\JAD\Desktop\jad\factor_cal\../data/1d/OI/FCT_Pubu_Atr_Dfive@40.csv, 错误: FCT_Pubu_1 file not found: C:\Users\JAD\Desktop\jad\factor_cal\../data/1d/OI/FCT_Pubu_1.csv
Traceback (most recent call last):
  File "C:\Users\JAD\Desktop\jad\factor_cal\factor_cal.py", line 236, in calculate_factor_for_kline
    result = calculator_instance.formula(param)
  File "C:\Users\JAD\Desktop\jad\factor_cal\FCT_Pubu_Atr_Dfive.py", line 63, in formula
    raise FileNotFoundError(f"FCT_Pubu_1 file not found: {pubu_data_path}")
FileNotFoundError: FCT_Pubu_1 file not found: C:\Users\JAD\Desktop\jad\factor_cal\../data/1d/OI/FCT_Pubu_1.csv
2025-07-23 15:01:50,401 - INFO - [PID:7012] 计算中: OI FCT_Pubu_Atr_Dfive@80 1d
2025-07-23 15:01:50,404 - ERROR - [PID:7012] 计算失败: C:\Users\JAD\Desktop\jad\factor_cal\../data/1d/OI/FCT_Pubu_Atr_Dfive@80.csv, 错误: FCT_Pubu_1 file not found: C:\Users\JAD\Desktop\jad\factor_cal\../data/1d/OI/FCT_Pubu_1.csv
Traceback (most recent call last):
  File "C:\Users\JAD\Desktop\jad\factor_cal\factor_cal.py", line 236, in calculate_factor_for_kline
    result = calculator_instance.formula(param)
  File "C:\Users\JAD\Desktop\jad\factor_cal\FCT_Pubu_Atr_Dfive.py", line 63, in formula
    raise FileNotFoundError(f"FCT_Pubu_1 file not found: {pubu_data_path}")
FileNotFoundError: FCT_Pubu_1 file not found: C:\Users\JAD\Desktop\jad\factor_cal\../data/1d/OI/FCT_Pubu_1.csv
2025-07-23 15:01:50,405 - INFO - [PID:7012] 进度: 10/12 (83.3%), 成功: 7, 失败: 3
2025-07-23 15:01:50,405 - INFO - [PID:7012] 计算中: OI FCT_Pubu_1 1d
2025-07-23 15:01:50,430 - INFO - [PID:7012] 计算成功: C:\Users\JAD\Desktop\jad\factor_cal\../data/1d/OI/FCT_Pubu_1.csv
2025-07-23 15:01:50,431 - INFO - [PID:7012] 进度: 12/12 (100.0%), 成功: 9, 失败: 3
2025-07-23 15:01:50,431 - INFO - [PID:7012] OI/1d 完成: 总计 12, 成功 9, 失败 3
2025-07-23 15:01:50,431 - INFO - [PID:7012] 品种 OI 处理完成: 总计因子 12, 成功 9, 失败 3
2025-07-23 15:01:50,431 - INFO - [PID:7012] 开始处理品种: SN
2025-07-23 15:01:50,431 - INFO - [PID:7012] 开始处理 SN 的 1d K线
2025-07-23 15:01:50,431 - INFO - [PID:7012] 读取数据: C:\Users\JAD\Desktop\jad\factor_cal\../data/1d/SN/SN.csv
2025-07-23 15:01:50,439 - INFO - [PID:7012] 将在 SN/1d 上计算 12 个因子
2025-07-23 15:01:50,439 - INFO - [PID:7012] 计算中: SN FCT_Pubu_Atr_Dfive@20 1d
2025-07-23 15:01:50,442 - ERROR - [PID:7012] 计算失败: C:\Users\JAD\Desktop\jad\factor_cal\../data/1d/SN/FCT_Pubu_Atr_Dfive@20.csv, 错误: FCT_Pubu_1 file not found: C:\Users\JAD\Desktop\jad\factor_cal\../data/1d/SN/FCT_Pubu_1.csv
Traceback (most recent call last):
  File "C:\Users\JAD\Desktop\jad\factor_cal\factor_cal.py", line 236, in calculate_factor_for_kline
    result = calculator_instance.formula(param)
  File "C:\Users\JAD\Desktop\jad\factor_cal\FCT_Pubu_Atr_Dfive.py", line 63, in formula
    raise FileNotFoundError(f"FCT_Pubu_1 file not found: {pubu_data_path}")
FileNotFoundError: FCT_Pubu_1 file not found: C:\Users\JAD\Desktop\jad\factor_cal\../data/1d/SN/FCT_Pubu_1.csv
2025-07-23 15:01:50,446 - INFO - [PID:7012] 计算中: SN FCT_Pubu_Atr_Dfive@40 1d
2025-07-23 15:01:50,449 - ERROR - [PID:7012] 计算失败: C:\Users\JAD\Desktop\jad\factor_cal\../data/1d/SN/FCT_Pubu_Atr_Dfive@40.csv, 错误: FCT_Pubu_1 file not found: C:\Users\JAD\Desktop\jad\factor_cal\../data/1d/SN/FCT_Pubu_1.csv
Traceback (most recent call last):
  File "C:\Users\JAD\Desktop\jad\factor_cal\factor_cal.py", line 236, in calculate_factor_for_kline
    result = calculator_instance.formula(param)
  File "C:\Users\JAD\Desktop\jad\factor_cal\FCT_Pubu_Atr_Dfive.py", line 63, in formula
    raise FileNotFoundError(f"FCT_Pubu_1 file not found: {pubu_data_path}")
FileNotFoundError: FCT_Pubu_1 file not found: C:\Users\JAD\Desktop\jad\factor_cal\../data/1d/SN/FCT_Pubu_1.csv
2025-07-23 15:01:50,454 - INFO - [PID:7012] 计算中: SN FCT_Pubu_Atr_Dfive@80 1d
2025-07-23 15:01:50,457 - ERROR - [PID:7012] 计算失败: C:\Users\JAD\Desktop\jad\factor_cal\../data/1d/SN/FCT_Pubu_Atr_Dfive@80.csv, 错误: FCT_Pubu_1 file not found: C:\Users\JAD\Desktop\jad\factor_cal\../data/1d/SN/FCT_Pubu_1.csv
Traceback (most recent call last):
  File "C:\Users\JAD\Desktop\jad\factor_cal\factor_cal.py", line 236, in calculate_factor_for_kline
    result = calculator_instance.formula(param)
  File "C:\Users\JAD\Desktop\jad\factor_cal\FCT_Pubu_Atr_Dfive.py", line 63, in formula
    raise FileNotFoundError(f"FCT_Pubu_1 file not found: {pubu_data_path}")
FileNotFoundError: FCT_Pubu_1 file not found: C:\Users\JAD\Desktop\jad\factor_cal\../data/1d/SN/FCT_Pubu_1.csv
2025-07-23 15:01:50,457 - INFO - [PID:7012] 进度: 10/12 (83.3%), 成功: 7, 失败: 3
2025-07-23 15:01:50,461 - INFO - [PID:7012] 计算中: SN FCT_Pubu_1 1d
2025-07-23 15:01:50,481 - INFO - [PID:7012] 计算成功: C:\Users\JAD\Desktop\jad\factor_cal\../data/1d/SN/FCT_Pubu_1.csv
2025-07-23 15:01:50,481 - INFO - [PID:7012] 进度: 12/12 (100.0%), 成功: 9, 失败: 3
2025-07-23 15:01:50,481 - INFO - [PID:7012] SN/1d 完成: 总计 12, 成功 9, 失败 3
2025-07-23 15:01:50,481 - INFO - [PID:7012] 品种 SN 处理完成: 总计因子 12, 成功 9, 失败 3
2025-07-23 15:01:50,481 - INFO - [PID:7012] 开始处理品种: Y
2025-07-23 15:01:50,482 - INFO - [PID:7012] 开始处理 Y 的 1d K线
2025-07-23 15:01:50,485 - INFO - [PID:7012] 读取数据: C:\Users\JAD\Desktop\jad\factor_cal\../data/1d/Y/Y.csv
2025-07-23 15:01:50,495 - INFO - [PID:7012] 将在 Y/1d 上计算 12 个因子
2025-07-23 15:01:50,495 - INFO - [PID:7012] 计算中: Y FCT_Pubu_Atr_Dfive@20 1d
2025-07-23 15:01:50,498 - ERROR - [PID:7012] 计算失败: C:\Users\JAD\Desktop\jad\factor_cal\../data/1d/Y/FCT_Pubu_Atr_Dfive@20.csv, 错误: FCT_Pubu_1 file not found: C:\Users\JAD\Desktop\jad\factor_cal\../data/1d/Y/FCT_Pubu_1.csv
Traceback (most recent call last):
  File "C:\Users\JAD\Desktop\jad\factor_cal\factor_cal.py", line 236, in calculate_factor_for_kline
    result = calculator_instance.formula(param)
  File "C:\Users\JAD\Desktop\jad\factor_cal\FCT_Pubu_Atr_Dfive.py", line 63, in formula
    raise FileNotFoundError(f"FCT_Pubu_1 file not found: {pubu_data_path}")
FileNotFoundError: FCT_Pubu_1 file not found: C:\Users\JAD\Desktop\jad\factor_cal\../data/1d/Y/FCT_Pubu_1.csv
2025-07-23 15:01:50,499 - INFO - [PID:7012] 计算中: Y FCT_Pubu_Atr_Dfive@40 1d
2025-07-23 15:01:50,501 - ERROR - [PID:7012] 计算失败: C:\Users\JAD\Desktop\jad\factor_cal\../data/1d/Y/FCT_Pubu_Atr_Dfive@40.csv, 错误: FCT_Pubu_1 file not found: C:\Users\JAD\Desktop\jad\factor_cal\../data/1d/Y/FCT_Pubu_1.csv
Traceback (most recent call last):
  File "C:\Users\JAD\Desktop\jad\factor_cal\factor_cal.py", line 236, in calculate_factor_for_kline
    result = calculator_instance.formula(param)
  File "C:\Users\JAD\Desktop\jad\factor_cal\FCT_Pubu_Atr_Dfive.py", line 63, in formula
    raise FileNotFoundError(f"FCT_Pubu_1 file not found: {pubu_data_path}")
FileNotFoundError: FCT_Pubu_1 file not found: C:\Users\JAD\Desktop\jad\factor_cal\../data/1d/Y/FCT_Pubu_1.csv
2025-07-23 15:01:50,501 - INFO - [PID:7012] 计算中: Y FCT_Pubu_Atr_Dfive@80 1d
2025-07-23 15:01:50,504 - ERROR - [PID:7012] 计算失败: C:\Users\JAD\Desktop\jad\factor_cal\../data/1d/Y/FCT_Pubu_Atr_Dfive@80.csv, 错误: FCT_Pubu_1 file not found: C:\Users\JAD\Desktop\jad\factor_cal\../data/1d/Y/FCT_Pubu_1.csv
Traceback (most recent call last):
  File "C:\Users\JAD\Desktop\jad\factor_cal\factor_cal.py", line 236, in calculate_factor_for_kline
    result = calculator_instance.formula(param)
  File "C:\Users\JAD\Desktop\jad\factor_cal\FCT_Pubu_Atr_Dfive.py", line 63, in formula
    raise FileNotFoundError(f"FCT_Pubu_1 file not found: {pubu_data_path}")
FileNotFoundError: FCT_Pubu_1 file not found: C:\Users\JAD\Desktop\jad\factor_cal\../data/1d/Y/FCT_Pubu_1.csv
2025-07-23 15:01:50,506 - INFO - [PID:7012] 进度: 10/12 (83.3%), 成功: 7, 失败: 3
2025-07-23 15:01:50,506 - INFO - [PID:7012] 计算中: Y FCT_Pubu_1 1d
2025-07-23 15:01:50,531 - INFO - [PID:7012] 计算成功: C:\Users\JAD\Desktop\jad\factor_cal\../data/1d/Y/FCT_Pubu_1.csv
2025-07-23 15:01:50,531 - INFO - [PID:7012] 进度: 12/12 (100.0%), 成功: 9, 失败: 3
2025-07-23 15:01:50,532 - INFO - [PID:7012] Y/1d 完成: 总计 12, 成功 9, 失败 3
2025-07-23 15:01:50,532 - INFO - [PID:7012] 品种 Y 处理完成: 总计因子 12, 成功 9, 失败 3
